<?xml version="1.0" encoding="UTF-8"?>
<!-- Generated by org.testng.reporters.JUnitReportReporter -->
<testsuite hostname="DESKTOP-O73TO06" failures="0" tests="1" name="com.qa.testCases.TestClass" time="4.569" errors="0" timestamp="2022-01-19T18:29:09 IST" skipped="0">
  <testcase classname="com.qa.testCases.TestClass" name="verifyLogin" time="4.569"/>
  <system-out/>
</testsuite> <!-- com.qa.testCases.TestClass -->
