<?xml version="1.0" encoding="UTF-8"?>
<!-- Generated by org.testng.reporters.JUnitReportReporter -->
<testsuite hostname="DESKTOP-O73TO06" failures="0" tests="2" name="com.qa.testCases.TestLoginPage" time="4.911" errors="0" timestamp="2022-01-20T20:33:41 IST" skipped="0">
  <testcase classname="com.qa.testCases.TestLoginPage" name="verifyPageTitle" time="1.776"/>
  <system-out/>
  <testcase classname="com.qa.testCases.TestLoginPage" name="verifyLogin" time="3.135"/>
  <system-out/>
</testsuite> <!-- com.qa.testCases.TestLoginPage -->
